<?xml version="1.0" encoding="UTF-8"?>
<!-- Generated by org.testng.reporters.JUnitXMLReporter -->
<testsuite ignored="0" hostname="DESKTOP-K6JQS20" failures="0" tests="3" name="CreateDeliveryBoyTest" time="64.081" errors="0" timestamp="2024-05-21T00:35:21 IST">
  <testcase classname="com.supermarket.test.CreateDeliveryBoyTest" name="verifyUserIsAbleToCreateMultipleDeliveryBoys" time="10.844"/>
  <testcase classname="com.supermarket.test.CreateDeliveryBoyTest" name="verifyUserIsAbleToCreateMultipleDeliveryBoys" time="5.262"/>
  <testcase classname="com.supermarket.test.CreateDeliveryBoyTest" name="verifyUserIsAbleToCreateMultipleDeliveryBoys" time="4.096"/>
</testsuite> <!-- CreateDeliveryBoyTest -->
