<?xml version="1.0" encoding="UTF-8"?>
<!-- Generated by org.testng.reporters.JUnitXMLReporter -->
<testsuite ignored="0" hostname="DESKTOP-K6JQS20" failures="0" tests="2" name="CreateDeliveryBoyTest" time="14.419" errors="0" timestamp="2024-05-20T10:27:17 IST">
  <testcase classname="com.supermarket.test.CreateDeliveryBoyTest" name="verifyUserIsAbleToCreateMultipleDeliveryBoys" time="4.286"/>
  <testcase classname="com.supermarket.test.CreateDeliveryBoyTest" name="verifyUserIsAbleToCreateMultipleDeliveryBoys" time="3.849"/>
</testsuite> <!-- CreateDeliveryBoyTest -->
