<?xml version="1.0" encoding="UTF-8"?>
<!-- Generated by org.testng.reporters.JUnitXMLReporter -->
<testsuite ignored="5" hostname="DESKTOP-K6JQS20" failures="0" tests="2" name="Test" time="55.48" errors="0" timestamp="2024-05-16T12:14:29 IST">
  <testcase classname="com.supermarket.test.AdminTest" name="myadminTest" time="14.171"/>
  <testcase classname="com.supermarket.test.LoginTest" name="verifyUserIsAbleToLoginWithCredentials" time="2.093"/>
  <testcase classname="com.supermarket.test.AddMobileSliderTest" name="verifyUserIsAbleTAddMobileSlider" time="0.0">
    <ignored/>
  </testcase> <!-- verifyUserIsAbleTAddMobileSlider -->
  <testcase classname="com.supermarket.test.ManageExpenseTest" name="userIsableToCreateAndDeleteExpense" time="0.0">
    <ignored/>
  </testcase> <!-- userIsableToCreateAndDeleteExpense -->
  <testcase classname="com.supermarket.test.CreateFDeliveryBoyTest" name="verifyUserIsAbleToCreateMultipleDeliveryBoys" time="0.0">
    <ignored/>
  </testcase> <!-- verifyUserIsAbleToCreateMultipleDeliveryBoys -->
  <testcase classname="com.supermarket.test.AddExpenseTest" name="verufyUserIsAbleToAddExpense" time="0.0">
    <ignored/>
  </testcase> <!-- verufyUserIsAbleToAddExpense -->
  <testcase classname="com.supermarket.test.ManagePagesListTest" name="verifyAddPages" time="0.0">
    <ignored/>
  </testcase> <!-- verifyAddPages -->
</testsuite> <!-- Test -->
