<?xml version="1.0" encoding="UTF-8"?>
<!-- Generated by org.testng.reporters.JUnitXMLReporter -->
<testsuite ignored="0" hostname="DESKTOP-K6JQS20" failures="0" tests="2" name="CreateDeliveryBoyTest" time="34.551" errors="0" timestamp="2024-05-20T14:36:55 IST">
  <testcase classname="com.supermarket.test.CreateDeliveryBoyTest" name="verifyUserIsAbleToCreateMultipleDeliveryBoys" time="10.737"/>
  <testcase classname="com.supermarket.test.CreateDeliveryBoyTest" name="verifyUserIsAbleToCreateMultipleDeliveryBoys" time="3.924"/>
</testsuite> <!-- CreateDeliveryBoyTest -->
