<?xml version="1.0" encoding="UTF-8"?>
<testng-results ignored="0" total="4" passed="4" failed="0" skipped="0">
  <reporter-output>
  </reporter-output>
  <suite started-at="2024-05-20T23:40:16 IST" name="Suite" finished-at="2024-05-20T23:40:40 IST" duration-ms="24738">
    <groups>
      <group name="Smoke">
        <method signature="LoginTest.verifyUserIsAbleToLoginWithCredentials()[pri:0, instance:com.supermarket.test.LoginTest@5af3afd9]" name="verifyUserIsAbleToLoginWithCredentials" class="com.supermarket.test.LoginTest"/>
        <method signature="AdminTest.myadminTest()[pri:0, instance:com.supermarket.test.AdminTest@145f66e3]" name="myadminTest" class="com.supermarket.test.AdminTest"/>
      </group> <!-- Smoke -->
    </groups>
    <test started-at="2024-05-20T23:40:16 IST" name="AddExpenseTest" finished-at="2024-05-20T23:40:16 IST" duration-ms="6">
    </test> <!-- AddExpenseTest -->
    <test started-at="2024-05-20T23:40:16 IST" name="ManageExpenseTest" finished-at="2024-05-20T23:40:16 IST" duration-ms="0">
    </test> <!-- ManageExpenseTest -->
    <test started-at="2024-05-20T23:40:16 IST" name="LoginTest" finished-at="2024-05-20T23:40:27 IST" duration-ms="11617">
      <class name="com.supermarket.test.LoginTest">
        <test-method is-config="true" signature="initializeDriver(java.lang.String)[pri:0, instance:com.supermarket.test.LoginTest@5af3afd9]" started-at="2024-05-20T23:40:16 IST" name="initializeDriver" finished-at="2024-05-20T23:40:25 IST" duration-ms="9062" status="PASS">
          <params>
            <param index="0">
              <value is-null="true"/>
            </param>
          </params>
          <reporter-output>
          </reporter-output>
        </test-method> <!-- initializeDriver -->
        <test-method signature="verifyUserIsAbleToLoginWithCredentials()[pri:0, instance:com.supermarket.test.LoginTest@5af3afd9]" started-at="2024-05-20T23:40:25 IST" name="verifyUserIsAbleToLoginWithCredentials" finished-at="2024-05-20T23:40:27 IST" duration-ms="2475" status="PASS">
          <reporter-output>
          </reporter-output>
        </test-method> <!-- verifyUserIsAbleToLoginWithCredentials -->
      </class> <!-- com.supermarket.test.LoginTest -->
    </test> <!-- LoginTest -->
    <test started-at="2024-05-20T23:40:16 IST" name="AdminTest" finished-at="2024-05-20T23:40:33 IST" duration-ms="17043">
      <class name="com.supermarket.test.AdminTest">
        <test-method is-config="true" signature="initializeDriver(java.lang.String)[pri:0, instance:com.supermarket.test.AdminTest@145f66e3]" started-at="2024-05-20T23:40:16 IST" name="initializeDriver" finished-at="2024-05-20T23:40:25 IST" duration-ms="9253" status="PASS">
          <params>
            <param index="0">
              <value is-null="true"/>
            </param>
          </params>
          <reporter-output>
          </reporter-output>
        </test-method> <!-- initializeDriver -->
        <test-method signature="myadminTest()[pri:0, instance:com.supermarket.test.AdminTest@145f66e3]" started-at="2024-05-20T23:40:25 IST" name="myadminTest" finished-at="2024-05-20T23:40:33 IST" duration-ms="7739" status="PASS">
          <reporter-output>
          </reporter-output>
        </test-method> <!-- myadminTest -->
      </class> <!-- com.supermarket.test.AdminTest -->
    </test> <!-- AdminTest -->
    <test started-at="2024-05-20T23:40:16 IST" name="CreateDeliveryBoyTest" finished-at="2024-05-20T23:40:40 IST" duration-ms="24737">
      <class name="com.supermarket.test.CreateDeliveryBoyTest">
        <test-method is-config="true" signature="initializeDriver(java.lang.String)[pri:0, instance:com.supermarket.test.CreateDeliveryBoyTest@5656be13]" started-at="2024-05-20T23:40:16 IST" name="initializeDriver" finished-at="2024-05-20T23:40:25 IST" duration-ms="9256" status="PASS">
          <params>
            <param index="0">
              <value is-null="true"/>
            </param>
          </params>
          <reporter-output>
          </reporter-output>
        </test-method> <!-- initializeDriver -->
        <test-method signature="verifyUserIsAbleToCreateMultipleDeliveryBoys(java.lang.String,java.lang.String,java.lang.String)[pri:0, instance:com.supermarket.test.CreateDeliveryBoyTest@5656be13]" started-at="2024-05-20T23:40:25 IST" name="verifyUserIsAbleToCreateMultipleDeliveryBoys" data-provider="getData" finished-at="2024-05-20T23:40:32 IST" duration-ms="6694" status="PASS">
          <params>
            <param index="0">
              <value>
                <![CDATA[CustomerA20240520_234016]]>
              </value>
            </param>
            <param index="1">
              <value>
                <![CDATA[CusUnameA20240520_23401623081.108993941696]]>
              </value>
            </param>
            <param index="2">
              <value>
                <![CDATA[CusPasswordA20240520_234016]]>
              </value>
            </param>
          </params>
          <reporter-output>
          </reporter-output>
        </test-method> <!-- verifyUserIsAbleToCreateMultipleDeliveryBoys -->
        <test-method is-config="true" signature="initializeDriver(java.lang.String)[pri:0, instance:com.supermarket.test.CreateDeliveryBoyTest@5656be13]" started-at="2024-05-20T23:40:32 IST" name="initializeDriver" finished-at="2024-05-20T23:40:37 IST" duration-ms="4987" status="PASS">
          <params>
            <param index="0">
              <value is-null="true"/>
            </param>
          </params>
          <reporter-output>
          </reporter-output>
        </test-method> <!-- initializeDriver -->
        <test-method signature="verifyUserIsAbleToCreateMultipleDeliveryBoys(java.lang.String,java.lang.String,java.lang.String)[pri:0, instance:com.supermarket.test.CreateDeliveryBoyTest@5656be13]" started-at="2024-05-20T23:40:37 IST" name="verifyUserIsAbleToCreateMultipleDeliveryBoys" data-provider="getData" finished-at="2024-05-20T23:40:40 IST" duration-ms="3728" status="PASS">
          <params>
            <param index="0">
              <value>
                <![CDATA[CustomerB20240520_234016]]>
              </value>
            </param>
            <param index="1">
              <value>
                <![CDATA[CusUnameB20240520_23401625797.429241847018]]>
              </value>
            </param>
            <param index="2">
              <value>
                <![CDATA[CusPasswordB20240520_234016]]>
              </value>
            </param>
          </params>
          <reporter-output>
          </reporter-output>
        </test-method> <!-- verifyUserIsAbleToCreateMultipleDeliveryBoys -->
      </class> <!-- com.supermarket.test.CreateDeliveryBoyTest -->
    </test> <!-- CreateDeliveryBoyTest -->
  </suite> <!-- Suite -->
</testng-results>
