<?xml version="1.0" encoding="UTF-8"?>
<testng-results ignored="0" total="4" passed="4" failed="0" skipped="0">
  <reporter-output>
  </reporter-output>
  <suite started-at="2024-05-20T14:36:20 IST" name="Suite" finished-at="2024-05-20T14:36:55 IST" duration-ms="34559">
    <groups>
      <group name="Smoke">
        <method signature="LoginTest.verifyUserIsAbleToLoginWithCredentials()[pri:0, instance:com.supermarket.test.LoginTest@694abbdc]" name="verifyUserIsAbleToLoginWithCredentials" class="com.supermarket.test.LoginTest"/>
        <method signature="AdminTest.myadminTest()[pri:0, instance:com.supermarket.test.AdminTest@4562e04d]" name="myadminTest" class="com.supermarket.test.AdminTest"/>
      </group> <!-- Smoke -->
    </groups>
    <test started-at="2024-05-20T14:36:20 IST" name="AddExpenseTest" finished-at="2024-05-20T14:36:20 IST" duration-ms="12">
    </test> <!-- AddExpenseTest -->
    <test started-at="2024-05-20T14:36:21 IST" name="ManageExpenseTest" finished-at="2024-05-20T14:36:21 IST" duration-ms="0">
    </test> <!-- ManageExpenseTest -->
    <test started-at="2024-05-20T14:36:20 IST" name="LoginTest" finished-at="2024-05-20T14:36:45 IST" duration-ms="25125">
      <class name="com.supermarket.test.LoginTest">
        <test-method is-config="true" signature="initializeDriver(java.lang.String)[pri:0, instance:com.supermarket.test.LoginTest@694abbdc]" started-at="2024-05-20T14:36:20 IST" name="initializeDriver" finished-at="2024-05-20T14:36:31 IST" duration-ms="11166" status="PASS">
          <params>
            <param index="0">
              <value is-null="true"/>
            </param>
          </params>
          <reporter-output>
          </reporter-output>
        </test-method> <!-- initializeDriver -->
        <test-method signature="verifyUserIsAbleToLoginWithCredentials()[pri:0, instance:com.supermarket.test.LoginTest@694abbdc]" started-at="2024-05-20T14:36:31 IST" name="verifyUserIsAbleToLoginWithCredentials" finished-at="2024-05-20T14:36:37 IST" duration-ms="5620" status="PASS">
          <reporter-output>
          </reporter-output>
        </test-method> <!-- verifyUserIsAbleToLoginWithCredentials -->
        <test-method is-config="true" signature="tearDown()[pri:0, instance:com.supermarket.test.LoginTest@694abbdc]" started-at="2024-05-20T14:36:37 IST" name="tearDown" finished-at="2024-05-20T14:36:45 IST" duration-ms="8242" status="PASS">
          <reporter-output>
          </reporter-output>
        </test-method> <!-- tearDown -->
      </class> <!-- com.supermarket.test.LoginTest -->
    </test> <!-- LoginTest -->
    <test started-at="2024-05-20T14:36:20 IST" name="AdminTest" finished-at="2024-05-20T14:36:47 IST" duration-ms="26959">
      <class name="com.supermarket.test.AdminTest">
        <test-method is-config="true" signature="initializeDriver(java.lang.String)[pri:0, instance:com.supermarket.test.AdminTest@4562e04d]" started-at="2024-05-20T14:36:20 IST" name="initializeDriver" finished-at="2024-05-20T14:36:34 IST" duration-ms="13276" status="PASS">
          <params>
            <param index="0">
              <value is-null="true"/>
            </param>
          </params>
          <reporter-output>
          </reporter-output>
        </test-method> <!-- initializeDriver -->
        <test-method signature="myadminTest()[pri:0, instance:com.supermarket.test.AdminTest@4562e04d]" started-at="2024-05-20T14:36:34 IST" name="myadminTest" finished-at="2024-05-20T14:36:42 IST" duration-ms="8441" status="PASS">
          <reporter-output>
          </reporter-output>
        </test-method> <!-- myadminTest -->
        <test-method is-config="true" signature="tearDown()[pri:0, instance:com.supermarket.test.AdminTest@4562e04d]" started-at="2024-05-20T14:36:42 IST" name="tearDown" finished-at="2024-05-20T14:36:47 IST" duration-ms="5161" status="PASS">
          <reporter-output>
          </reporter-output>
        </test-method> <!-- tearDown -->
      </class> <!-- com.supermarket.test.AdminTest -->
    </test> <!-- AdminTest -->
    <test started-at="2024-05-20T14:36:20 IST" name="CreateDeliveryBoyTest" finished-at="2024-05-20T14:36:55 IST" duration-ms="34551">
      <class name="com.supermarket.test.CreateDeliveryBoyTest">
        <test-method is-config="true" signature="initializeDriver(java.lang.String)[pri:0, instance:com.supermarket.test.CreateDeliveryBoyTest@14cd1699]" started-at="2024-05-20T14:36:20 IST" name="initializeDriver" finished-at="2024-05-20T14:36:31 IST" duration-ms="11160" status="PASS">
          <params>
            <param index="0">
              <value is-null="true"/>
            </param>
          </params>
          <reporter-output>
          </reporter-output>
        </test-method> <!-- initializeDriver -->
        <test-method signature="verifyUserIsAbleToCreateMultipleDeliveryBoys(java.lang.String,java.lang.String,java.lang.String)[pri:0, instance:com.supermarket.test.CreateDeliveryBoyTest@14cd1699]" started-at="2024-05-20T14:36:31 IST" name="verifyUserIsAbleToCreateMultipleDeliveryBoys" data-provider="getData" finished-at="2024-05-20T14:36:42 IST" duration-ms="10737" status="PASS">
          <params>
            <param index="0">
              <value>
                <![CDATA[CustomerA20240520_143620]]>
              </value>
            </param>
            <param index="1">
              <value>
                <![CDATA[CusUnameA20240520_14362046616.378459031796]]>
              </value>
            </param>
            <param index="2">
              <value>
                <![CDATA[CusPasswordA20240520_143620]]>
              </value>
            </param>
          </params>
          <reporter-output>
          </reporter-output>
        </test-method> <!-- verifyUserIsAbleToCreateMultipleDeliveryBoys -->
        <test-method is-config="true" signature="tearDown()[pri:0, instance:com.supermarket.test.CreateDeliveryBoyTest@14cd1699]" started-at="2024-05-20T14:36:42 IST" name="tearDown" finished-at="2024-05-20T14:36:45 IST" duration-ms="2985" status="PASS">
          <reporter-output>
          </reporter-output>
        </test-method> <!-- tearDown -->
        <test-method is-config="true" signature="initializeDriver(java.lang.String)[pri:0, instance:com.supermarket.test.CreateDeliveryBoyTest@14cd1699]" started-at="2024-05-20T14:36:45 IST" name="initializeDriver" finished-at="2024-05-20T14:36:50 IST" duration-ms="5352" status="PASS">
          <params>
            <param index="0">
              <value is-null="true"/>
            </param>
          </params>
          <reporter-output>
          </reporter-output>
        </test-method> <!-- initializeDriver -->
        <test-method signature="verifyUserIsAbleToCreateMultipleDeliveryBoys(java.lang.String,java.lang.String,java.lang.String)[pri:0, instance:com.supermarket.test.CreateDeliveryBoyTest@14cd1699]" started-at="2024-05-20T14:36:50 IST" name="verifyUserIsAbleToCreateMultipleDeliveryBoys" data-provider="getData" finished-at="2024-05-20T14:36:54 IST" duration-ms="3924" status="PASS">
          <params>
            <param index="0">
              <value>
                <![CDATA[CustomerB20240520_143620]]>
              </value>
            </param>
            <param index="1">
              <value>
                <![CDATA[CusUnameB20240520_1436207309.506067994336]]>
              </value>
            </param>
            <param index="2">
              <value>
                <![CDATA[CusPasswordB20240520_143620]]>
              </value>
            </param>
          </params>
          <reporter-output>
          </reporter-output>
        </test-method> <!-- verifyUserIsAbleToCreateMultipleDeliveryBoys -->
        <test-method is-config="true" signature="tearDown()[pri:0, instance:com.supermarket.test.CreateDeliveryBoyTest@14cd1699]" started-at="2024-05-20T14:36:54 IST" name="tearDown" finished-at="2024-05-20T14:36:55 IST" duration-ms="322" status="PASS">
          <reporter-output>
          </reporter-output>
        </test-method> <!-- tearDown -->
      </class> <!-- com.supermarket.test.CreateDeliveryBoyTest -->
    </test> <!-- CreateDeliveryBoyTest -->
  </suite> <!-- Suite -->
</testng-results>
