<?xml version="1.0" encoding="UTF-8"?>
<testng-results ignored="0" total="1" passed="1" failed="0" skipped="0">
  <reporter-output>
  </reporter-output>
  <suite started-at="2024-05-20T12:41:23 IST" name="Default suite" finished-at="2024-05-20T12:41:52 IST" duration-ms="28490">
    <groups>
      <group name="Smoke">
        <method signature="LoginTest.verifyUserIsAbleToLoginWithCredentials()[pri:0, instance:com.supermarket.test.LoginTest@5c33f1a9]" name="verifyUserIsAbleToLoginWithCredentials" class="com.supermarket.test.LoginTest"/>
      </group> <!-- Smoke -->
    </groups>
    <test started-at="2024-05-20T12:41:23 IST" name="Default test" finished-at="2024-05-20T12:41:52 IST" duration-ms="28490">
      <class name="com.supermarket.test.LoginTest">
        <test-method is-config="true" signature="initializeDriver(java.lang.String)[pri:0, instance:com.supermarket.test.LoginTest@5c33f1a9]" started-at="2024-05-20T12:41:23 IST" name="initializeDriver" finished-at="2024-05-20T12:41:42 IST" duration-ms="19082" status="PASS">
          <params>
            <param index="0">
              <value is-null="true"/>
            </param>
          </params>
          <reporter-output>
          </reporter-output>
        </test-method> <!-- initializeDriver -->
        <test-method signature="verifyUserIsAbleToLoginWithCredentials()[pri:0, instance:com.supermarket.test.LoginTest@5c33f1a9]" started-at="2024-05-20T12:41:42 IST" name="verifyUserIsAbleToLoginWithCredentials" finished-at="2024-05-20T12:41:46 IST" duration-ms="3233" status="PASS">
          <reporter-output>
          </reporter-output>
        </test-method> <!-- verifyUserIsAbleToLoginWithCredentials -->
        <test-method is-config="true" signature="tearDown()[pri:0, instance:com.supermarket.test.LoginTest@5c33f1a9]" started-at="2024-05-20T12:41:46 IST" name="tearDown" finished-at="2024-05-20T12:41:52 IST" duration-ms="5788" status="PASS">
          <reporter-output>
          </reporter-output>
        </test-method> <!-- tearDown -->
      </class> <!-- com.supermarket.test.LoginTest -->
    </test> <!-- Default test -->
  </suite> <!-- Default suite -->
</testng-results>
