<?xml version="1.0" encoding="UTF-8"?>
<testng-results ignored="0" total="10" passed="9" failed="1" skipped="0">
  <reporter-output>
  </reporter-output>
  <suite started-at="2024-05-21T01:01:24 IST" name="Suite" finished-at="2024-05-21T01:03:50 IST" duration-ms="145737">
    <groups>
      <group name="Smoke">
        <method signature="AdminTest.myadminTest()[pri:0, instance:com.supermarket.test.AdminTest@61322f9d]" name="myadminTest" class="com.supermarket.test.AdminTest"/>
        <method signature="CreateNewsTest.createNews()[pri:0, instance:com.supermarket.test.CreateNewsTest@8297b3a]" name="createNews" class="com.supermarket.test.CreateNewsTest"/>
        <method signature="LoginTest.verifyUserIsAbleToLoginWithCredentials()[pri:0, instance:com.supermarket.test.LoginTest@6ad82709]" name="verifyUserIsAbleToLoginWithCredentials" class="com.supermarket.test.LoginTest"/>
      </group> <!-- Smoke -->
    </groups>
    <test started-at="2024-05-21T01:01:24 IST" name="Test" finished-at="2024-05-21T01:03:50 IST" duration-ms="145737">
      <class name="com.supermarket.test.ManagePagesListTest">
        <test-method is-config="true" signature="initializeDriver(java.lang.String)[pri:0, instance:com.supermarket.test.ManagePagesListTest@65e98b1c]" started-at="2024-05-21T01:01:24 IST" name="initializeDriver" finished-at="2024-05-21T01:01:32 IST" duration-ms="7324" status="PASS">
          <params>
            <param index="0">
              <value is-null="true"/>
            </param>
          </params>
          <reporter-output>
          </reporter-output>
        </test-method> <!-- initializeDriver -->
        <test-method signature="verifyAddPages()[pri:0, instance:com.supermarket.test.ManagePagesListTest@65e98b1c]" started-at="2024-05-21T01:01:32 IST" name="verifyAddPages" finished-at="2024-05-21T01:01:41 IST" duration-ms="9063" status="FAIL">
          <exception class="org.openqa.selenium.ElementClickInterceptedException">
            <message>
              <![CDATA[element click intercepted: Element is not clickable at point (334, 689)
  (Session info: chrome=125.0.6422.60)
Build info: version: '4.19.1', revision: 'abe0ee07dc'
System info: os.name: 'Windows 11', os.arch: 'amd64', os.version: '10.0', java.version: '17.0.10'
Driver info: org.openqa.selenium.chrome.ChromeDriver
Command: [62fa2bd8c144cf25ce21ae1456442191, clickElement {id=f.76C119DB9D514D6C8DAAE04B1B31A814.d.D9352C6A13DC7633E51477AAA2D68E6D.e.89}]
Capabilities {acceptInsecureCerts: false, browserName: chrome, browserVersion: 125.0.6422.60, chrome: {chromedriverVersion: 125.0.6422.60 (3ac3319bff9f..., userDataDir: C:\Users\shon4\AppData\Loca...}, fedcm:accounts: true, goog:chromeOptions: {debuggerAddress: localhost:61593}, networkConnectionEnabled: false, pageLoadStrategy: normal, platformName: windows, proxy: Proxy(), se:cdp: ws://localhost:61593/devtoo..., se:cdpVersion: 125.0.6422.60, setWindowRect: true, strictFileInteractability: false, timeouts: {implicit: 0, pageLoad: 300000, script: 30000}, unhandledPromptBehavior: dismiss and notify, webauthn:extension:credBlob: true, webauthn:extension:largeBlob: true, webauthn:extension:minPinLength: true, webauthn:extension:prf: true, webauthn:virtualAuthenticators: true}
Element: [[ChromeDriver: chrome on windows (62fa2bd8c144cf25ce21ae1456442191)] -> css selector: [name='create']]
Session ID: 62fa2bd8c144cf25ce21ae1456442191]]>
            </message>
            <full-stacktrace>
              <![CDATA[org.openqa.selenium.ElementClickInterceptedException: element click intercepted: Element is not clickable at point (334, 689)
  (Session info: chrome=125.0.6422.60)
Build info: version: '4.19.1', revision: 'abe0ee07dc'
System info: os.name: 'Windows 11', os.arch: 'amd64', os.version: '10.0', java.version: '17.0.10'
Driver info: org.openqa.selenium.chrome.ChromeDriver
Command: [62fa2bd8c144cf25ce21ae1456442191, clickElement {id=f.76C119DB9D514D6C8DAAE04B1B31A814.d.D9352C6A13DC7633E51477AAA2D68E6D.e.89}]
Capabilities {acceptInsecureCerts: false, browserName: chrome, browserVersion: 125.0.6422.60, chrome: {chromedriverVersion: 125.0.6422.60 (3ac3319bff9f..., userDataDir: C:\Users\shon4\AppData\Loca...}, fedcm:accounts: true, goog:chromeOptions: {debuggerAddress: localhost:61593}, networkConnectionEnabled: false, pageLoadStrategy: normal, platformName: windows, proxy: Proxy(), se:cdp: ws://localhost:61593/devtoo..., se:cdpVersion: 125.0.6422.60, setWindowRect: true, strictFileInteractability: false, timeouts: {implicit: 0, pageLoad: 300000, script: 30000}, unhandledPromptBehavior: dismiss and notify, webauthn:extension:credBlob: true, webauthn:extension:largeBlob: true, webauthn:extension:minPinLength: true, webauthn:extension:prf: true, webauthn:virtualAuthenticators: true}
Element: [[ChromeDriver: chrome on windows (62fa2bd8c144cf25ce21ae1456442191)] -> css selector: [name='create']]
Session ID: 62fa2bd8c144cf25ce21ae1456442191
at java.base/jdk.internal.reflect.NativeConstructorAccessorImpl.newInstance0(Native Method)
at java.base/jdk.internal.reflect.NativeConstructorAccessorImpl.newInstance(NativeConstructorAccessorImpl.java:77)
at java.base/jdk.internal.reflect.DelegatingConstructorAccessorImpl.newInstance(DelegatingConstructorAccessorImpl.java:45)
at java.base/java.lang.reflect.Constructor.newInstanceWithCaller(Constructor.java:499)
at java.base/java.lang.reflect.Constructor.newInstance(Constructor.java:480)
at org.openqa.selenium.remote.ErrorCodec.decode(ErrorCodec.java:167)
at org.openqa.selenium.remote.codec.w3c.W3CHttpResponseCodec.decode(W3CHttpResponseCodec.java:138)
at org.openqa.selenium.remote.codec.w3c.W3CHttpResponseCodec.decode(W3CHttpResponseCodec.java:50)
at org.openqa.selenium.remote.HttpCommandExecutor.execute(HttpCommandExecutor.java:190)
at org.openqa.selenium.remote.service.DriverCommandExecutor.invokeExecute(DriverCommandExecutor.java:216)
at org.openqa.selenium.remote.service.DriverCommandExecutor.execute(DriverCommandExecutor.java:174)
at org.openqa.selenium.remote.RemoteWebDriver.execute(RemoteWebDriver.java:518)
at org.openqa.selenium.remote.RemoteWebElement.execute(RemoteWebElement.java:223)
at org.openqa.selenium.remote.RemoteWebElement.click(RemoteWebElement.java:76)
at java.base/jdk.internal.reflect.NativeMethodAccessorImpl.invoke0(Native Method)
at java.base/jdk.internal.reflect.NativeMethodAccessorImpl.invoke(NativeMethodAccessorImpl.java:77)
at java.base/jdk.internal.reflect.DelegatingMethodAccessorImpl.invoke(DelegatingMethodAccessorImpl.java:43)
at java.base/java.lang.reflect.Method.invoke(Method.java:568)
at org.openqa.selenium.support.pagefactory.internal.LocatingElementHandler.invoke(LocatingElementHandler.java:51)
at jdk.proxy2/jdk.proxy2.$Proxy14.click(Unknown Source)
at com.supermarket.utils.PageActions.clickElement(PageActions.java:41)
at com.supermarket.pages.ManageAddListPages.enterPageInfo(ManageAddListPages.java:49)
at com.supermarket.test.ManagePagesListTest.verifyAddPages(ManagePagesListTest.java:16)
at java.base/jdk.internal.reflect.NativeMethodAccessorImpl.invoke0(Native Method)
at java.base/jdk.internal.reflect.NativeMethodAccessorImpl.invoke(NativeMethodAccessorImpl.java:77)
at java.base/jdk.internal.reflect.DelegatingMethodAccessorImpl.invoke(DelegatingMethodAccessorImpl.java:43)
at java.base/java.lang.reflect.Method.invoke(Method.java:568)
at org.testng.internal.invokers.MethodInvocationHelper.invokeMethod(MethodInvocationHelper.java:141)
at org.testng.internal.invokers.TestInvoker.invokeMethod(TestInvoker.java:686)
at org.testng.internal.invokers.TestInvoker.invokeTestMethod(TestInvoker.java:230)
at org.testng.internal.invokers.MethodRunner.runInSequence(MethodRunner.java:63)
at org.testng.internal.invokers.TestInvoker$MethodInvocationAgent.invoke(TestInvoker.java:992)
at org.testng.internal.invokers.TestInvoker.invokeTestMethods(TestInvoker.java:203)
at org.testng.internal.invokers.TestMethodWorker.invokeTestMethods(TestMethodWorker.java:154)
at org.testng.internal.invokers.TestMethodWorker.run(TestMethodWorker.java:134)
at java.base/java.util.ArrayList.forEach(ArrayList.java:1511)
at org.testng.TestRunner.privateRun(TestRunner.java:739)
at org.testng.TestRunner.run(TestRunner.java:614)
at org.testng.SuiteRunner.runTest(SuiteRunner.java:421)
at org.testng.SuiteRunner.runSequentially(SuiteRunner.java:413)
at org.testng.SuiteRunner.privateRun(SuiteRunner.java:373)
at org.testng.SuiteRunner.run(SuiteRunner.java:312)
at org.testng.SuiteRunnerWorker.runSuite(SuiteRunnerWorker.java:52)
at org.testng.SuiteRunnerWorker.run(SuiteRunnerWorker.java:95)
at org.testng.TestNG.runSuitesSequentially(TestNG.java:1274)
at org.testng.TestNG.runSuitesLocally(TestNG.java:1208)
at org.testng.TestNG.runSuites(TestNG.java:1112)
at org.testng.TestNG.run(TestNG.java:1079)
at org.testng.remote.AbstractRemoteTestNG.run(AbstractRemoteTestNG.java:115)
at org.testng.remote.RemoteTestNG.initAndRun(RemoteTestNG.java:293)
at org.testng.remote.RemoteTestNG.main(RemoteTestNG.java:91)
]]>
            </full-stacktrace>
          </exception> <!-- org.openqa.selenium.ElementClickInterceptedException -->
          <reporter-output>
          </reporter-output>
        </test-method> <!-- verifyAddPages -->
      </class> <!-- com.supermarket.test.ManagePagesListTest -->
      <class name="com.supermarket.test.AddLocationTest">
        <test-method is-config="true" signature="initializeDriver(java.lang.String)[pri:0, instance:com.supermarket.test.AddLocationTest@2362f559]" started-at="2024-05-21T01:02:46 IST" name="initializeDriver" finished-at="2024-05-21T01:02:58 IST" duration-ms="11543" status="PASS">
          <params>
            <param index="0">
              <value is-null="true"/>
            </param>
          </params>
          <reporter-output>
          </reporter-output>
        </test-method> <!-- initializeDriver -->
        <test-method signature="verifyLocationDetails()[pri:0, instance:com.supermarket.test.AddLocationTest@2362f559]" started-at="2024-05-21T01:02:58 IST" name="verifyLocationDetails" finished-at="2024-05-21T01:03:04 IST" duration-ms="6395" status="PASS">
          <reporter-output>
          </reporter-output>
        </test-method> <!-- verifyLocationDetails -->
      </class> <!-- com.supermarket.test.AddLocationTest -->
      <class name="com.supermarket.test.CreateDeliveryBoyTest">
        <test-method is-config="true" signature="initializeDriver(java.lang.String)[pri:0, instance:com.supermarket.test.CreateDeliveryBoyTest@510f3d34]" started-at="2024-05-21T01:01:56 IST" name="initializeDriver" finished-at="2024-05-21T01:02:01 IST" duration-ms="5143" status="PASS">
          <params>
            <param index="0">
              <value is-null="true"/>
            </param>
          </params>
          <reporter-output>
          </reporter-output>
        </test-method> <!-- initializeDriver -->
        <test-method signature="verifyUserIsAbleToCreateMultipleDeliveryBoys(java.lang.String,java.lang.String,java.lang.String)[pri:0, instance:com.supermarket.test.CreateDeliveryBoyTest@510f3d34]" started-at="2024-05-21T01:02:01 IST" name="verifyUserIsAbleToCreateMultipleDeliveryBoys" data-provider="getData" finished-at="2024-05-21T01:02:06 IST" duration-ms="5447" status="PASS">
          <params>
            <param index="0">
              <value>
                <![CDATA[CustomerA20240521_010156]]>
              </value>
            </param>
            <param index="1">
              <value>
                <![CDATA[CusUnameA20240521_01015670656.25421942827]]>
              </value>
            </param>
            <param index="2">
              <value>
                <![CDATA[CusPasswordA20240521_010156]]>
              </value>
            </param>
          </params>
          <reporter-output>
          </reporter-output>
        </test-method> <!-- verifyUserIsAbleToCreateMultipleDeliveryBoys -->
        <test-method is-config="true" signature="initializeDriver(java.lang.String)[pri:0, instance:com.supermarket.test.CreateDeliveryBoyTest@510f3d34]" started-at="2024-05-21T01:02:06 IST" name="initializeDriver" finished-at="2024-05-21T01:02:12 IST" duration-ms="5671" status="PASS">
          <params>
            <param index="0">
              <value is-null="true"/>
            </param>
          </params>
          <reporter-output>
          </reporter-output>
        </test-method> <!-- initializeDriver -->
        <test-method signature="verifyUserIsAbleToCreateMultipleDeliveryBoys(java.lang.String,java.lang.String,java.lang.String)[pri:0, instance:com.supermarket.test.CreateDeliveryBoyTest@510f3d34]" started-at="2024-05-21T01:02:12 IST" name="verifyUserIsAbleToCreateMultipleDeliveryBoys" data-provider="getData" finished-at="2024-05-21T01:02:18 IST" duration-ms="5727" status="PASS">
          <params>
            <param index="0">
              <value>
                <![CDATA[CustomerB20240521_010156]]>
              </value>
            </param>
            <param index="1">
              <value>
                <![CDATA[CusUnameB20240521_01015648766.20578815217]]>
              </value>
            </param>
            <param index="2">
              <value>
                <![CDATA[CusPasswordB20240521_010156]]>
              </value>
            </param>
          </params>
          <reporter-output>
          </reporter-output>
        </test-method> <!-- verifyUserIsAbleToCreateMultipleDeliveryBoys -->
        <test-method is-config="true" signature="initializeDriver(java.lang.String)[pri:0, instance:com.supermarket.test.CreateDeliveryBoyTest@510f3d34]" started-at="2024-05-21T01:02:18 IST" name="initializeDriver" finished-at="2024-05-21T01:02:25 IST" duration-ms="7716" status="PASS">
          <params>
            <param index="0">
              <value is-null="true"/>
            </param>
          </params>
          <reporter-output>
          </reporter-output>
        </test-method> <!-- initializeDriver -->
        <test-method signature="verifyUserIsAbleToCreateMultipleDeliveryBoys(java.lang.String,java.lang.String,java.lang.String)[pri:0, instance:com.supermarket.test.CreateDeliveryBoyTest@510f3d34]" started-at="2024-05-21T01:02:25 IST" name="verifyUserIsAbleToCreateMultipleDeliveryBoys" data-provider="getData" finished-at="2024-05-21T01:02:31 IST" duration-ms="5259" status="PASS">
          <params>
            <param index="0">
              <value>
                <![CDATA[CustomerB20240521_010156]]>
              </value>
            </param>
            <param index="1">
              <value>
                <![CDATA[CusUnameB20240521_0101564837.6343772244245]]>
              </value>
            </param>
            <param index="2">
              <value>
                <![CDATA[CusPasswordB20240521_010156]]>
              </value>
            </param>
          </params>
          <reporter-output>
          </reporter-output>
        </test-method> <!-- verifyUserIsAbleToCreateMultipleDeliveryBoys -->
      </class> <!-- com.supermarket.test.CreateDeliveryBoyTest -->
      <class name="com.supermarket.test.LoginTest">
        <test-method is-config="true" signature="initializeDriver(java.lang.String)[pri:0, instance:com.supermarket.test.LoginTest@6ad82709]" started-at="2024-05-21T01:01:50 IST" name="initializeDriver" finished-at="2024-05-21T01:01:55 IST" duration-ms="4477" status="PASS">
          <params>
            <param index="0">
              <value is-null="true"/>
            </param>
          </params>
          <reporter-output>
          </reporter-output>
        </test-method> <!-- initializeDriver -->
        <test-method signature="verifyUserIsAbleToLoginWithCredentials()[pri:0, instance:com.supermarket.test.LoginTest@6ad82709]" started-at="2024-05-21T01:01:55 IST" name="verifyUserIsAbleToLoginWithCredentials" finished-at="2024-05-21T01:01:56 IST" duration-ms="936" status="PASS">
          <reporter-output>
          </reporter-output>
        </test-method> <!-- verifyUserIsAbleToLoginWithCredentials -->
      </class> <!-- com.supermarket.test.LoginTest -->
      <class name="com.supermarket.test.AdminTest">
        <test-method is-config="true" signature="initializeDriver(java.lang.String)[pri:0, instance:com.supermarket.test.AdminTest@61322f9d]" started-at="2024-05-21T01:01:41 IST" name="initializeDriver" finished-at="2024-05-21T01:01:45 IST" duration-ms="4631" status="PASS">
          <params>
            <param index="0">
              <value is-null="true"/>
            </param>
          </params>
          <reporter-output>
          </reporter-output>
        </test-method> <!-- initializeDriver -->
        <test-method signature="myadminTest()[pri:0, instance:com.supermarket.test.AdminTest@61322f9d]" started-at="2024-05-21T01:01:45 IST" name="myadminTest" finished-at="2024-05-21T01:01:50 IST" duration-ms="4969" status="PASS">
          <reporter-output>
          </reporter-output>
        </test-method> <!-- myadminTest -->
      </class> <!-- com.supermarket.test.AdminTest -->
      <class name="com.supermarket.test.EditFooterTest">
        <test-method is-config="true" signature="initializeDriver(java.lang.String)[pri:0, instance:com.supermarket.test.EditFooterTest@b2c9a9c]" started-at="2024-05-21T01:03:05 IST" name="initializeDriver" finished-at="2024-05-21T01:03:24 IST" duration-ms="19499" status="PASS">
          <params>
            <param index="0">
              <value is-null="true"/>
            </param>
          </params>
          <reporter-output>
          </reporter-output>
        </test-method> <!-- initializeDriver -->
        <test-method signature="navigate()[pri:0, instance:com.supermarket.test.EditFooterTest@b2c9a9c]" started-at="2024-05-21T01:03:24 IST" name="navigate" finished-at="2024-05-21T01:03:28 IST" duration-ms="4163" status="PASS">
          <reporter-output>
          </reporter-output>
        </test-method> <!-- navigate -->
        <test-method is-config="true" signature="initializeDriver(java.lang.String)[pri:0, instance:com.supermarket.test.EditFooterTest@b2c9a9c]" started-at="2024-05-21T01:03:29 IST" name="initializeDriver" finished-at="2024-05-21T01:03:45 IST" duration-ms="15911" status="PASS">
          <params>
            <param index="0">
              <value is-null="true"/>
            </param>
          </params>
          <reporter-output>
          </reporter-output>
        </test-method> <!-- initializeDriver -->
        <test-method signature="verifyIfFooterTextUpdated()[pri:0, instance:com.supermarket.test.EditFooterTest@b2c9a9c]" started-at="2024-05-21T01:03:45 IST" name="verifyIfFooterTextUpdated" finished-at="2024-05-21T01:03:50 IST" duration-ms="4971" status="PASS">
          <reporter-output>
          </reporter-output>
        </test-method> <!-- verifyIfFooterTextUpdated -->
      </class> <!-- com.supermarket.test.EditFooterTest -->
      <class name="com.supermarket.test.CreateNewsTest">
        <test-method is-config="true" signature="initializeDriver(java.lang.String)[pri:0, instance:com.supermarket.test.CreateNewsTest@8297b3a]" started-at="2024-05-21T01:02:31 IST" name="initializeDriver" finished-at="2024-05-21T01:02:39 IST" duration-ms="8319" status="PASS">
          <params>
            <param index="0">
              <value is-null="true"/>
            </param>
          </params>
          <reporter-output>
          </reporter-output>
        </test-method> <!-- initializeDriver -->
        <test-method signature="createNews()[pri:0, instance:com.supermarket.test.CreateNewsTest@8297b3a]" started-at="2024-05-21T01:02:39 IST" name="createNews" finished-at="2024-05-21T01:02:46 IST" duration-ms="6636" status="PASS">
          <reporter-output>
          </reporter-output>
        </test-method> <!-- createNews -->
      </class> <!-- com.supermarket.test.CreateNewsTest -->
    </test> <!-- Test -->
  </suite> <!-- Suite -->
</testng-results>
